WARNING 2025-03-09 18:04:00,068 log 7880 6157447168 Unauthorized: /api/documents/91/
WARNING 2025-03-09 18:04:00,069 log 7880 6174273536 Unauthorized: /api/users/me/
WARNING 2025-03-09 18:04:00,068 log 7880 6157447168 Unauthorized: /api/documents/91/
WARNING 2025-03-09 18:04:00,069 log 7880 6174273536 Unauthorized: /api/users/me/
WARNING 2025-03-09 18:04:00,069 basehttp 7880 6157447168 "GET /api/documents/91/ HTTP/1.1" 401 172
WARNING 2025-03-09 18:04:00,069 basehttp 7880 6157447168 "GET /api/documents/91/ HTTP/1.1" 401 172
WARNING 2025-03-09 18:04:00,070 basehttp 7880 6174273536 "GET /api/users/me/ HTTP/1.1" 401 172
WARNING 2025-03-09 18:04:00,070 basehttp 7880 6174273536 "GET /api/users/me/ HTTP/1.1" 401 172
INFO 2025-03-09 18:04:00,222 basehttp 7880 6157447168 "POST /api/token/refresh/ HTTP/1.1" 200 242
INFO 2025-03-09 18:04:00,222 basehttp 7880 6157447168 "POST /api/token/refresh/ HTTP/1.1" 200 242
INFO 2025-03-09 18:04:00,222 basehttp 7880 6174273536 "POST /api/token/refresh/ HTTP/1.1" 200 242
INFO 2025-03-09 18:04:00,222 basehttp 7880 6174273536 "POST /api/token/refresh/ HTTP/1.1" 200 242
INFO 2025-03-09 18:04:00,234 basehttp 7880 6157447168 "GET /api/users/me/ HTTP/1.1" 200 152
INFO 2025-03-09 18:04:00,234 basehttp 7880 6157447168 "GET /api/users/me/ HTTP/1.1" 200 152
INFO 2025-03-09 18:04:00,241 serializers 7880 6174273536 TO_REPRESENTATION (Document ID: 91): content тип <class 'dict'>, пустой: True
INFO 2025-03-09 18:04:00,241 serializers 7880 6174273536 TO_REPRESENTATION (Document ID: 91): content тип <class 'dict'>, пустой: True
WARNING 2025-03-09 18:04:00,242 serializers 7880 6174273536 Пустой словарь content для Document ID: 91
WARNING 2025-03-09 18:04:00,242 serializers 7880 6174273536 Пустой словарь content для Document ID: 91
INFO 2025-03-09 18:04:00,242 basehttp 7880 6174273536 "GET /api/documents/91/ HTTP/1.1" 200 706
INFO 2025-03-09 18:04:00,242 basehttp 7880 6174273536 "GET /api/documents/91/ HTTP/1.1" 200 706
WARNING 2025-03-09 18:04:00,279 log 7880 6174273536 Not Found: /api/documents/favorites/
WARNING 2025-03-09 18:04:00,279 log 7880 6174273536 Not Found: /api/documents/favorites/
WARNING 2025-03-09 18:04:00,279 basehttp 7880 6174273536 "GET /api/documents/favorites/ HTTP/1.1" 404 23
WARNING 2025-03-09 18:04:00,279 basehttp 7880 6174273536 "GET /api/documents/favorites/ HTTP/1.1" 404 23
WARNING 2025-03-09 18:04:00,287 log 7880 6157447168 Not Found: /api/documents/favorites/
WARNING 2025-03-09 18:04:00,287 log 7880 6157447168 Not Found: /api/documents/favorites/
WARNING 2025-03-09 18:04:00,287 basehttp 7880 6157447168 "GET /api/documents/favorites/ HTTP/1.1" 404 23
WARNING 2025-03-09 18:04:00,287 basehttp 7880 6157447168 "GET /api/documents/favorites/ HTTP/1.1" 404 23
INFO 2025-03-09 18:04:00,679 serializers 7880 6157447168 TO_REPRESENTATION (Document ID: 92): content тип <class 'dict'>, пустой: True
INFO 2025-03-09 18:04:00,679 serializers 7880 6157447168 TO_REPRESENTATION (Document ID: 92): content тип <class 'dict'>, пустой: True
WARNING 2025-03-09 18:04:00,680 serializers 7880 6157447168 Пустой словарь content для Document ID: 92
WARNING 2025-03-09 18:04:00,680 serializers 7880 6157447168 Пустой словарь content для Document ID: 92
INFO 2025-03-09 18:04:00,680 serializers 7880 6174273536 TO_REPRESENTATION (Document ID: 93): content тип <class 'dict'>, пустой: True
INFO 2025-03-09 18:04:00,681 basehttp 7880 6157447168 "GET /api/documents/92/ HTTP/1.1" 200 328
INFO 2025-03-09 18:04:00,680 serializers 7880 6174273536 TO_REPRESENTATION (Document ID: 93): content тип <class 'dict'>, пустой: True
INFO 2025-03-09 18:04:00,681 basehttp 7880 6157447168 "GET /api/documents/92/ HTTP/1.1" 200 328
WARNING 2025-03-09 18:04:00,683 serializers 7880 6174273536 Пустой словарь content для Document ID: 93
WARNING 2025-03-09 18:04:00,683 serializers 7880 6174273536 Пустой словарь content для Document ID: 93
INFO 2025-03-09 18:04:00,683 basehttp 7880 6174273536 "GET /api/documents/93/ HTTP/1.1" 200 565
INFO 2025-03-09 18:04:00,683 basehttp 7880 6174273536 "GET /api/documents/93/ HTTP/1.1" 200 565
INFO 2025-03-09 18:04:02,108 views 7880 6174273536 UPDATE запрос для документа ID: 91
INFO 2025-03-09 18:04:02,108 views 7880 6174273536 UPDATE запрос для документа ID: 91
INFO 2025-03-09 18:04:02,108 views 7880 6174273536 Тип content в запросе: <class 'dict'>
INFO 2025-03-09 18:04:02,108 views 7880 6174273536 Тип content в запросе: <class 'dict'>
INFO 2025-03-09 18:04:02,108 views 7880 6174273536 Ключи в content: time, blocks, version
INFO 2025-03-09 18:04:02,108 views 7880 6174273536 Ключи в content: time, blocks, version
INFO 2025-03-09 18:04:02,108 views 7880 6174273536 Найдено 6 блоков в словаре content
INFO 2025-03-09 18:04:02,108 views 7880 6174273536 Найдено 6 блоков в словаре content
INFO 2025-03-09 18:04:02,111 views 7880 6174273536 Текущий content: тип <class 'dict'>, пустой: True
INFO 2025-03-09 18:04:02,111 views 7880 6174273536 Текущий content: тип <class 'dict'>, пустой: True
INFO 2025-03-09 18:04:02,114 views 7880 6174273536 Сохранили content напрямую в модель. Размер: 1458
INFO 2025-03-09 18:04:02,114 views 7880 6174273536 Сохранили content напрямую в модель. Размер: 1458
INFO 2025-03-09 18:04:02,116 views 7880 6174273536 После сохранения: content тип <class 'dict'>, пустой: False
INFO 2025-03-09 18:04:02,116 views 7880 6174273536 После сохранения: content тип <class 'dict'>, пустой: False
INFO 2025-03-09 18:04:02,116 views 7880 6174273536 Ключи после сохранения: time, blocks, version
INFO 2025-03-09 18:04:02,116 views 7880 6174273536 Ключи после сохранения: time, blocks, version
INFO 2025-03-09 18:04:02,116 views 7880 6174273536 Блоков после сохранения: 6
INFO 2025-03-09 18:04:02,116 views 7880 6174273536 Блоков после сохранения: 6
INFO 2025-03-09 18:04:02,117 basehttp 7880 6174273536 "PUT /api/documents/91/ HTTP/1.1" 200 223
INFO 2025-03-09 18:04:02,117 basehttp 7880 6174273536 "PUT /api/documents/91/ HTTP/1.1" 200 223
INFO 2025-03-09 18:04:04,305 views 7880 6157447168 UPDATE запрос для документа ID: 91
INFO 2025-03-09 18:04:04,305 views 7880 6157447168 UPDATE запрос для документа ID: 91
INFO 2025-03-09 18:04:04,305 views 7880 6157447168 Тип content в запросе: <class 'dict'>
INFO 2025-03-09 18:04:04,305 views 7880 6157447168 Тип content в запросе: <class 'dict'>
INFO 2025-03-09 18:04:04,305 views 7880 6157447168 Ключи в content: time, blocks, version
INFO 2025-03-09 18:04:04,305 views 7880 6157447168 Ключи в content: time, blocks, version
INFO 2025-03-09 18:04:04,306 views 7880 6157447168 Найдено 6 блоков в словаре content
INFO 2025-03-09 18:04:04,306 views 7880 6157447168 Найдено 6 блоков в словаре content
INFO 2025-03-09 18:04:04,309 views 7880 6157447168 Текущий content: тип <class 'dict'>, пустой: False
INFO 2025-03-09 18:04:04,309 views 7880 6157447168 Текущий content: тип <class 'dict'>, пустой: False
INFO 2025-03-09 18:04:04,311 views 7880 6157447168 Сохранили content напрямую в модель. Размер: 1458
INFO 2025-03-09 18:04:04,311 views 7880 6157447168 Сохранили content напрямую в модель. Размер: 1458
INFO 2025-03-09 18:04:04,312 views 7880 6157447168 После сохранения: content тип <class 'dict'>, пустой: False
INFO 2025-03-09 18:04:04,312 views 7880 6157447168 После сохранения: content тип <class 'dict'>, пустой: False
INFO 2025-03-09 18:04:04,312 views 7880 6157447168 Ключи после сохранения: time, blocks, version
INFO 2025-03-09 18:04:04,312 views 7880 6157447168 Ключи после сохранения: time, blocks, version
INFO 2025-03-09 18:04:04,312 views 7880 6157447168 Блоков после сохранения: 6
INFO 2025-03-09 18:04:04,312 views 7880 6157447168 Блоков после сохранения: 6
INFO 2025-03-09 18:04:04,313 basehttp 7880 6157447168 "PUT /api/documents/91/ HTTP/1.1" 200 223
INFO 2025-03-09 18:04:04,313 basehttp 7880 6157447168 "PUT /api/documents/91/ HTTP/1.1" 200 223
INFO 2025-03-09 18:04:05,521 views 7880 6157447168 UPDATE запрос для документа ID: 91
INFO 2025-03-09 18:04:05,521 views 7880 6157447168 UPDATE запрос для документа ID: 91
INFO 2025-03-09 18:04:05,521 views 7880 6157447168 Тип content в запросе: <class 'dict'>
INFO 2025-03-09 18:04:05,521 views 7880 6157447168 Тип content в запросе: <class 'dict'>
INFO 2025-03-09 18:04:05,521 views 7880 6157447168 Ключи в content: time, blocks, version
INFO 2025-03-09 18:04:05,521 views 7880 6157447168 Ключи в content: time, blocks, version
INFO 2025-03-09 18:04:05,521 views 7880 6157447168 Найдено 7 блоков в словаре content
INFO 2025-03-09 18:04:05,521 views 7880 6157447168 Найдено 7 блоков в словаре content
INFO 2025-03-09 18:04:05,525 views 7880 6157447168 Текущий content: тип <class 'dict'>, пустой: False
INFO 2025-03-09 18:04:05,525 views 7880 6157447168 Текущий content: тип <class 'dict'>, пустой: False
INFO 2025-03-09 18:04:05,530 views 7880 6157447168 Сохранили content напрямую в модель. Размер: 1524
INFO 2025-03-09 18:04:05,530 views 7880 6157447168 Сохранили content напрямую в модель. Размер: 1524
INFO 2025-03-09 18:04:05,532 views 7880 6157447168 После сохранения: content тип <class 'dict'>, пустой: False
INFO 2025-03-09 18:04:05,532 views 7880 6157447168 После сохранения: content тип <class 'dict'>, пустой: False
INFO 2025-03-09 18:04:05,532 views 7880 6157447168 Ключи после сохранения: time, blocks, version
INFO 2025-03-09 18:04:05,532 views 7880 6157447168 Ключи после сохранения: time, blocks, version
INFO 2025-03-09 18:04:05,532 views 7880 6157447168 Блоков после сохранения: 7
INFO 2025-03-09 18:04:05,532 views 7880 6157447168 Блоков после сохранения: 7
INFO 2025-03-09 18:04:05,532 basehttp 7880 6157447168 "PUT /api/documents/91/ HTTP/1.1" 200 223
INFO 2025-03-09 18:04:05,532 basehttp 7880 6157447168 "PUT /api/documents/91/ HTTP/1.1" 200 223
INFO 2025-03-09 18:04:06,780 views 7880 6157447168 UPDATE запрос для документа ID: 91
INFO 2025-03-09 18:04:06,780 views 7880 6157447168 UPDATE запрос для документа ID: 91
INFO 2025-03-09 18:04:06,780 views 7880 6157447168 Тип content в запросе: <class 'dict'>
INFO 2025-03-09 18:04:06,780 views 7880 6157447168 Тип content в запросе: <class 'dict'>
INFO 2025-03-09 18:04:06,780 views 7880 6157447168 Ключи в content: time, blocks, version
INFO 2025-03-09 18:04:06,780 views 7880 6157447168 Ключи в content: time, blocks, version
INFO 2025-03-09 18:04:06,780 views 7880 6157447168 Найдено 6 блоков в словаре content
INFO 2025-03-09 18:04:06,780 views 7880 6157447168 Найдено 6 блоков в словаре content
INFO 2025-03-09 18:04:06,785 views 7880 6157447168 Текущий content: тип <class 'dict'>, пустой: False
INFO 2025-03-09 18:04:06,785 views 7880 6157447168 Текущий content: тип <class 'dict'>, пустой: False
INFO 2025-03-09 18:04:06,787 views 7880 6157447168 Сохранили content напрямую в модель. Размер: 1458
INFO 2025-03-09 18:04:06,787 views 7880 6157447168 Сохранили content напрямую в модель. Размер: 1458
INFO 2025-03-09 18:04:06,788 views 7880 6157447168 После сохранения: content тип <class 'dict'>, пустой: False
INFO 2025-03-09 18:04:06,788 views 7880 6157447168 После сохранения: content тип <class 'dict'>, пустой: False
INFO 2025-03-09 18:04:06,788 views 7880 6157447168 Ключи после сохранения: time, blocks, version
INFO 2025-03-09 18:04:06,788 views 7880 6157447168 Ключи после сохранения: time, blocks, version
INFO 2025-03-09 18:04:06,788 views 7880 6157447168 Блоков после сохранения: 6
INFO 2025-03-09 18:04:06,788 views 7880 6157447168 Блоков после сохранения: 6
INFO 2025-03-09 18:04:06,789 basehttp 7880 6157447168 "PUT /api/documents/91/ HTTP/1.1" 200 223
INFO 2025-03-09 18:04:06,789 basehttp 7880 6157447168 "PUT /api/documents/91/ HTTP/1.1" 200 223
INFO 2025-03-09 18:04:08,419 views 7880 6157447168 UPDATE запрос для документа ID: 91
INFO 2025-03-09 18:04:08,419 views 7880 6157447168 UPDATE запрос для документа ID: 91
INFO 2025-03-09 18:04:08,420 views 7880 6157447168 Тип content в запросе: <class 'dict'>
INFO 2025-03-09 18:04:08,420 views 7880 6157447168 Тип content в запросе: <class 'dict'>
INFO 2025-03-09 18:04:08,420 views 7880 6157447168 Ключи в content: time, blocks, version
INFO 2025-03-09 18:04:08,420 views 7880 6157447168 Ключи в content: time, blocks, version
INFO 2025-03-09 18:04:08,420 views 7880 6157447168 Найдено 7 блоков в словаре content
INFO 2025-03-09 18:04:08,420 views 7880 6157447168 Найдено 7 блоков в словаре content
INFO 2025-03-09 18:04:08,423 views 7880 6157447168 Текущий content: тип <class 'dict'>, пустой: False
INFO 2025-03-09 18:04:08,423 views 7880 6157447168 Текущий content: тип <class 'dict'>, пустой: False
INFO 2025-03-09 18:04:08,426 views 7880 6157447168 Сохранили content напрямую в модель. Размер: 1532
INFO 2025-03-09 18:04:08,426 views 7880 6157447168 Сохранили content напрямую в модель. Размер: 1532
INFO 2025-03-09 18:04:08,428 views 7880 6157447168 После сохранения: content тип <class 'dict'>, пустой: False
INFO 2025-03-09 18:04:08,428 views 7880 6157447168 После сохранения: content тип <class 'dict'>, пустой: False
INFO 2025-03-09 18:04:08,429 views 7880 6157447168 Ключи после сохранения: time, blocks, version
INFO 2025-03-09 18:04:08,429 views 7880 6157447168 Ключи после сохранения: time, blocks, version
INFO 2025-03-09 18:04:08,429 views 7880 6157447168 Блоков после сохранения: 7
INFO 2025-03-09 18:04:08,429 views 7880 6157447168 Блоков после сохранения: 7
INFO 2025-03-09 18:04:08,430 basehttp 7880 6157447168 "PUT /api/documents/91/ HTTP/1.1" 200 223
INFO 2025-03-09 18:04:08,430 basehttp 7880 6157447168 "PUT /api/documents/91/ HTTP/1.1" 200 223
INFO 2025-03-09 18:04:11,314 views 7880 6157447168 UPDATE запрос для документа ID: 91
INFO 2025-03-09 18:04:11,314 views 7880 6157447168 UPDATE запрос для документа ID: 91
INFO 2025-03-09 18:04:11,314 views 7880 6157447168 Тип content в запросе: <class 'dict'>
INFO 2025-03-09 18:04:11,314 views 7880 6157447168 Тип content в запросе: <class 'dict'>
INFO 2025-03-09 18:04:11,314 views 7880 6157447168 Ключи в content: time, blocks, version
INFO 2025-03-09 18:04:11,314 views 7880 6157447168 Ключи в content: time, blocks, version
INFO 2025-03-09 18:04:11,314 views 7880 6157447168 Найдено 7 блоков в словаре content
INFO 2025-03-09 18:04:11,314 views 7880 6157447168 Найдено 7 блоков в словаре content
INFO 2025-03-09 18:04:11,317 views 7880 6157447168 Текущий content: тип <class 'dict'>, пустой: False
INFO 2025-03-09 18:04:11,317 views 7880 6157447168 Текущий content: тип <class 'dict'>, пустой: False
INFO 2025-03-09 18:04:11,318 views 7880 6157447168 Сохранили content напрямую в модель. Размер: 1606
INFO 2025-03-09 18:04:11,318 views 7880 6157447168 Сохранили content напрямую в модель. Размер: 1606
INFO 2025-03-09 18:04:11,320 views 7880 6157447168 После сохранения: content тип <class 'dict'>, пустой: False
INFO 2025-03-09 18:04:11,320 views 7880 6157447168 После сохранения: content тип <class 'dict'>, пустой: False
INFO 2025-03-09 18:04:11,320 views 7880 6157447168 Ключи после сохранения: time, blocks, version
INFO 2025-03-09 18:04:11,320 views 7880 6157447168 Ключи после сохранения: time, blocks, version
INFO 2025-03-09 18:04:11,320 views 7880 6157447168 Блоков после сохранения: 7
INFO 2025-03-09 18:04:11,320 views 7880 6157447168 Блоков после сохранения: 7
INFO 2025-03-09 18:04:11,320 basehttp 7880 6157447168 "PUT /api/documents/91/ HTTP/1.1" 200 223
INFO 2025-03-09 18:04:11,320 basehttp 7880 6157447168 "PUT /api/documents/91/ HTTP/1.1" 200 223
INFO 2025-03-09 18:04:12,883 basehttp 7880 6174273536 "GET /api/users/me/ HTTP/1.1" 200 152
INFO 2025-03-09 18:04:12,883 basehttp 7880 6174273536 "GET /api/users/me/ HTTP/1.1" 200 152
INFO 2025-03-09 18:04:12,894 serializers 7880 6157447168 TO_REPRESENTATION (Document ID: 91): content тип <class 'dict'>, пустой: False
INFO 2025-03-09 18:04:12,894 serializers 7880 6157447168 TO_REPRESENTATION (Document ID: 91): content тип <class 'dict'>, пустой: False
INFO 2025-03-09 18:04:12,895 basehttp 7880 6157447168 "GET /api/documents/91/ HTTP/1.1" 200 1707
INFO 2025-03-09 18:04:12,895 basehttp 7880 6157447168 "GET /api/documents/91/ HTTP/1.1" 200 1707
WARNING 2025-03-09 18:04:12,965 log 7880 6157447168 Not Found: /api/documents/favorites/
WARNING 2025-03-09 18:04:12,965 log 7880 6157447168 Not Found: /api/documents/favorites/
WARNING 2025-03-09 18:04:12,965 basehttp 7880 6157447168 "GET /api/documents/favorites/ HTTP/1.1" 404 23
WARNING 2025-03-09 18:04:12,965 basehttp 7880 6157447168 "GET /api/documents/favorites/ HTTP/1.1" 404 23
WARNING 2025-03-09 18:04:12,975 log 7880 6174273536 Not Found: /api/documents/favorites/
WARNING 2025-03-09 18:04:12,975 log 7880 6174273536 Not Found: /api/documents/favorites/
WARNING 2025-03-09 18:04:12,975 basehttp 7880 6174273536 "GET /api/documents/favorites/ HTTP/1.1" 404 23
WARNING 2025-03-09 18:04:12,975 basehttp 7880 6174273536 "GET /api/documents/favorites/ HTTP/1.1" 404 23
INFO 2025-03-09 18:04:13,259 serializers 7880 6174273536 TO_REPRESENTATION (Document ID: 92): content тип <class 'dict'>, пустой: True
INFO 2025-03-09 18:04:13,259 serializers 7880 6174273536 TO_REPRESENTATION (Document ID: 92): content тип <class 'dict'>, пустой: True
WARNING 2025-03-09 18:04:13,259 serializers 7880 6174273536 Пустой словарь content для Document ID: 92
WARNING 2025-03-09 18:04:13,259 serializers 7880 6174273536 Пустой словарь content для Document ID: 92
INFO 2025-03-09 18:04:13,259 basehttp 7880 6174273536 "GET /api/documents/92/ HTTP/1.1" 200 328
INFO 2025-03-09 18:04:13,259 serializers 7880 6157447168 TO_REPRESENTATION (Document ID: 93): content тип <class 'dict'>, пустой: True
INFO 2025-03-09 18:04:13,259 basehttp 7880 6174273536 "GET /api/documents/92/ HTTP/1.1" 200 328
INFO 2025-03-09 18:04:13,259 serializers 7880 6157447168 TO_REPRESENTATION (Document ID: 93): content тип <class 'dict'>, пустой: True
WARNING 2025-03-09 18:04:13,260 serializers 7880 6157447168 Пустой словарь content для Document ID: 93
WARNING 2025-03-09 18:04:13,260 serializers 7880 6157447168 Пустой словарь content для Document ID: 93
INFO 2025-03-09 18:04:13,260 basehttp 7880 6157447168 "GET /api/documents/93/ HTTP/1.1" 200 565
INFO 2025-03-09 18:04:13,260 basehttp 7880 6157447168 "GET /api/documents/93/ HTTP/1.1" 200 565
INFO 2025-03-09 18:04:15,293 views 7880 6157447168 UPDATE запрос для документа ID: 91
INFO 2025-03-09 18:04:15,293 views 7880 6157447168 UPDATE запрос для документа ID: 91
INFO 2025-03-09 18:04:15,293 views 7880 6157447168 Тип content в запросе: <class 'dict'>
INFO 2025-03-09 18:04:15,293 views 7880 6157447168 Тип content в запросе: <class 'dict'>
INFO 2025-03-09 18:04:15,293 views 7880 6157447168 Ключи в content: time, blocks, version
INFO 2025-03-09 18:04:15,293 views 7880 6157447168 Ключи в content: time, blocks, version
INFO 2025-03-09 18:04:15,294 views 7880 6157447168 Найдено 7 блоков в словаре content
INFO 2025-03-09 18:04:15,294 views 7880 6157447168 Найдено 7 блоков в словаре content
INFO 2025-03-09 18:04:15,297 views 7880 6157447168 Текущий content: тип <class 'dict'>, пустой: False
INFO 2025-03-09 18:04:15,297 views 7880 6157447168 Текущий content: тип <class 'dict'>, пустой: False
INFO 2025-03-09 18:04:15,298 views 7880 6157447168 Сохранили content напрямую в модель. Размер: 1606
INFO 2025-03-09 18:04:15,298 views 7880 6157447168 Сохранили content напрямую в модель. Размер: 1606
INFO 2025-03-09 18:04:15,300 views 7880 6157447168 После сохранения: content тип <class 'dict'>, пустой: False
INFO 2025-03-09 18:04:15,300 views 7880 6157447168 После сохранения: content тип <class 'dict'>, пустой: False
INFO 2025-03-09 18:04:15,300 views 7880 6157447168 Ключи после сохранения: time, blocks, version
INFO 2025-03-09 18:04:15,300 views 7880 6157447168 Ключи после сохранения: time, blocks, version
INFO 2025-03-09 18:04:15,300 views 7880 6157447168 Блоков после сохранения: 7
INFO 2025-03-09 18:04:15,300 views 7880 6157447168 Блоков после сохранения: 7
INFO 2025-03-09 18:04:15,300 basehttp 7880 6157447168 "PUT /api/documents/91/ HTTP/1.1" 200 223
INFO 2025-03-09 18:04:15,300 basehttp 7880 6157447168 "PUT /api/documents/91/ HTTP/1.1" 200 223
INFO 2025-03-09 18:04:17,297 views 7880 6157447168 UPDATE запрос для документа ID: 91
INFO 2025-03-09 18:04:17,297 views 7880 6157447168 UPDATE запрос для документа ID: 91
INFO 2025-03-09 18:04:17,297 views 7880 6157447168 Тип content в запросе: <class 'dict'>
INFO 2025-03-09 18:04:17,297 views 7880 6157447168 Тип content в запросе: <class 'dict'>
INFO 2025-03-09 18:04:17,297 views 7880 6157447168 Ключи в content: time, blocks, version
INFO 2025-03-09 18:04:17,297 views 7880 6157447168 Ключи в content: time, blocks, version
INFO 2025-03-09 18:04:17,297 views 7880 6157447168 Найдено 7 блоков в словаре content
INFO 2025-03-09 18:04:17,297 views 7880 6157447168 Найдено 7 блоков в словаре content
INFO 2025-03-09 18:04:17,300 views 7880 6157447168 Текущий content: тип <class 'dict'>, пустой: False
INFO 2025-03-09 18:04:17,300 views 7880 6157447168 Текущий content: тип <class 'dict'>, пустой: False
INFO 2025-03-09 18:04:17,302 views 7880 6157447168 Сохранили content напрямую в модель. Размер: 1606
INFO 2025-03-09 18:04:17,302 views 7880 6157447168 Сохранили content напрямую в модель. Размер: 1606
INFO 2025-03-09 18:04:17,315 views 7880 6157447168 После сохранения: content тип <class 'dict'>, пустой: False
INFO 2025-03-09 18:04:17,315 views 7880 6157447168 После сохранения: content тип <class 'dict'>, пустой: False
INFO 2025-03-09 18:04:17,315 views 7880 6157447168 Ключи после сохранения: time, blocks, version
INFO 2025-03-09 18:04:17,315 views 7880 6157447168 Ключи после сохранения: time, blocks, version
INFO 2025-03-09 18:04:17,315 views 7880 6157447168 Блоков после сохранения: 7
INFO 2025-03-09 18:04:17,315 views 7880 6157447168 Блоков после сохранения: 7
INFO 2025-03-09 18:04:17,316 basehttp 7880 6157447168 "PUT /api/documents/91/ HTTP/1.1" 200 223
INFO 2025-03-09 18:04:17,316 basehttp 7880 6157447168 "PUT /api/documents/91/ HTTP/1.1" 200 223
INFO 2025-03-09 18:04:19,303 views 7880 6157447168 UPDATE запрос для документа ID: 91
INFO 2025-03-09 18:04:19,303 views 7880 6157447168 UPDATE запрос для документа ID: 91
INFO 2025-03-09 18:04:19,304 views 7880 6157447168 Тип content в запросе: <class 'dict'>
INFO 2025-03-09 18:04:19,304 views 7880 6157447168 Тип content в запросе: <class 'dict'>
INFO 2025-03-09 18:04:19,304 views 7880 6157447168 Ключи в content: time, blocks, version
INFO 2025-03-09 18:04:19,304 views 7880 6157447168 Ключи в content: time, blocks, version
INFO 2025-03-09 18:04:19,304 views 7880 6157447168 Найдено 7 блоков в словаре content
INFO 2025-03-09 18:04:19,304 views 7880 6157447168 Найдено 7 блоков в словаре content
INFO 2025-03-09 18:04:19,306 views 7880 6157447168 Текущий content: тип <class 'dict'>, пустой: False
INFO 2025-03-09 18:04:19,306 views 7880 6157447168 Текущий content: тип <class 'dict'>, пустой: False
INFO 2025-03-09 18:04:19,308 views 7880 6157447168 Сохранили content напрямую в модель. Размер: 1606
INFO 2025-03-09 18:04:19,308 views 7880 6157447168 Сохранили content напрямую в модель. Размер: 1606
INFO 2025-03-09 18:04:19,309 views 7880 6157447168 После сохранения: content тип <class 'dict'>, пустой: False
INFO 2025-03-09 18:04:19,309 views 7880 6157447168 После сохранения: content тип <class 'dict'>, пустой: False
INFO 2025-03-09 18:04:19,309 views 7880 6157447168 Ключи после сохранения: time, blocks, version
INFO 2025-03-09 18:04:19,309 views 7880 6157447168 Ключи после сохранения: time, blocks, version
INFO 2025-03-09 18:04:19,309 views 7880 6157447168 Блоков после сохранения: 7
INFO 2025-03-09 18:04:19,309 views 7880 6157447168 Блоков после сохранения: 7
INFO 2025-03-09 18:04:19,310 basehttp 7880 6157447168 "PUT /api/documents/91/ HTTP/1.1" 200 223
INFO 2025-03-09 18:04:19,310 basehttp 7880 6157447168 "PUT /api/documents/91/ HTTP/1.1" 200 223
INFO 2025-03-09 18:04:19,815 basehttp 7880 6174273536 "GET /admin/documents/document/ HTTP/1.1" 200 19384
INFO 2025-03-09 18:04:19,815 basehttp 7880 6174273536 "GET /admin/documents/document/ HTTP/1.1" 200 19384
INFO 2025-03-09 18:04:19,850 basehttp 7880 6174273536 "GET /admin/jsi18n/ HTTP/1.1" 200 3342
INFO 2025-03-09 18:04:19,850 basehttp 7880 6174273536 "GET /admin/jsi18n/ HTTP/1.1" 200 3342
INFO 2025-03-09 18:04:21,163 basehttp 7880 6174273536 "GET /admin/documents/document/91/change/ HTTP/1.1" 200 26322
INFO 2025-03-09 18:04:21,163 basehttp 7880 6174273536 "GET /admin/documents/document/91/change/ HTTP/1.1" 200 26322
INFO 2025-03-09 18:04:21,178 basehttp 7880 6174273536 "GET /admin/jsi18n/ HTTP/1.1" 200 3342
INFO 2025-03-09 18:04:21,178 basehttp 7880 6174273536 "GET /admin/jsi18n/ HTTP/1.1" 200 3342
INFO 2025-03-09 18:04:39,266 autoreload 7880 8128598016 /Users/zaharromasov/Desktop/trpo_myself/backend/core/settings.py changed, reloading.
INFO 2025-03-09 18:04:39,266 autoreload 7880 8128598016 /Users/zaharromasov/Desktop/trpo_myself/backend/core/settings.py changed, reloading.
